Arguments: 
  /usr/local/bin/node /usr/local/bin/yarn add @types/folktale -D

PATH: 
  /Users/sean/.rbenv/shims:/usr/local/bin:/usr/bin:/bin:/usr/sbin:/sbin:/opt/X11/bin:/Users/sean/.rbenv/shims

Yarn version: 
  1.19.0

Node version: 
  12.11.1

Platform: 
  darwin x64

Trace: 
  Error: https://registry.yarnpkg.com/@types%2ffolktale: Not found
      at Request.params.callback [as _callback] (/usr/local/lib/node_modules/yarn/lib/cli.js:66918:18)
      at Request.self.callback (/usr/local/lib/node_modules/yarn/lib/cli.js:140539:22)
      at Request.emit (events.js:210:5)
      at Request.<anonymous> (/usr/local/lib/node_modules/yarn/lib/cli.js:141511:10)
      at Request.emit (events.js:210:5)
      at IncomingMessage.<anonymous> (/usr/local/lib/node_modules/yarn/lib/cli.js:141433:12)
      at Object.onceWrapper (events.js:299:28)
      at IncomingMessage.emit (events.js:215:7)
      at endReadableNT (_stream_readable.js:1183:12)
      at processTicksAndRejections (internal/process/task_queues.js:80:21)

npm manifest: 
  {
    "name": "fp",
    "version": "1.0.0",
    "main": "index.js",
    "author": "makeschool <sean.w.lawrence@gmail.com>",
    "license": "MIT",
    "dependencies": {
      "folktale": "^2.3.2"
    },
    "devDependencies": {
      "typescript": "^3.7.3"
    }
  }

yarn manifest: 
  No manifest

Lockfile: 
  # THIS IS AN AUTOGENERATED FILE. DO NOT EDIT THIS FILE DIRECTLY.
  # yarn lockfile v1
  
  
  folktale@^2.3.2:
    version "2.3.2"
    resolved "https://registry.yarnpkg.com/folktale/-/folktale-2.3.2.tgz#38231b039e5ef36989920cbf805bf6b227bf4fd4"
    integrity sha512-+8GbtQBwEqutP0v3uajDDoN64K2ehmHd0cjlghhxh0WpcfPzAIjPA03e1VvHlxL02FVGR0A6lwXsNQKn3H1RNQ==
  
  typescript@^3.7.3:
    version "3.7.3"
    resolved "https://registry.yarnpkg.com/typescript/-/typescript-3.7.3.tgz#b36840668a16458a7025b9eabfad11b66ab85c69"
    integrity sha512-Mcr/Qk7hXqFBXMN7p7Lusj1ktCBydylfQM/FZCk5glCNQJrCUKPkMHdo9R0MTFWsC/4kPFvDS0fDPvukfCkFsw==
